2022.10.28 11:14:04 INFO  tracing is disabled for protocol LSP, to enable tracing of incoming and outgoing JSON messages create an empty file at /home/nabee/functional_programming/1course/.metals/lsp.trace.json or /home/nabee/.cache/metals/lsp.trace.json[0m
2022.10.28 11:14:05 INFO  logging to file /home/nabee/functional_programming/1course/.metals/metals.log[0m
2022.10.28 11:14:05 INFO  Started: Metals version 0.11.9 in workspace '/home/nabee/functional_programming/1course' for client Visual Studio Code 1.72.2.[0m
2022.10.28 11:14:06 INFO  time: initialize in 1.44s[0m
2022.10.28 11:14:07 WARN  Build server is not auto-connectable.[0m
2022.10.28 11:14:07 WARN  no build tool detected in workspace '/home/nabee/functional_programming/1course'. The most common cause for this problem is that the editor was opened in the wrong working directory, for example if you use sbt then the workspace directory should contain build.sbt. [0m
2022.10.28 11:14:26 INFO  no build target found for /home/nabee/functional_programming/1course/scala-project/src/main/scala/example/example.worksheet.sc. Using presentation compiler with project's scala-library version: 3.2.0[0m
2022.10.28 11:14:26 INFO  no build target found for /home/nabee/functional_programming/1course/scala-project/src/main/scala/example/example.worksheet.sc. Using presentation compiler with project's scala-library version: 3.2.0[0m
2022.10.28 11:14:26 INFO  time: evaluated worksheet 'example.worksheet.sc' in 19s[0m
2022.10.28 11:14:27 INFO  time: code lens generation in 18s[0m
2022.10.28 11:19:05 INFO  shutting down Metals[0m
2022.10.28 11:28:19 INFO  tracing is disabled for protocol LSP, to enable tracing of incoming and outgoing JSON messages create an empty file at /home/nabee/functional_programming/1course/.metals/lsp.trace.json or /home/nabee/.cache/metals/lsp.trace.json[0m
2022.10.28 11:28:19 INFO  logging to file /home/nabee/functional_programming/1course/.metals/metals.log[0m
2022.10.28 11:28:19 INFO  Started: Metals version 0.11.9 in workspace '/home/nabee/functional_programming/1course' for client Visual Studio Code 1.72.2.[0m
2022.10.28 11:28:20 INFO  time: initialize in 0.83s[0m
2022.10.28 11:28:21 WARN  Build server is not auto-connectable.[0m
2022.10.28 11:28:21 WARN  no build tool detected in workspace '/home/nabee/functional_programming/1course'. The most common cause for this problem is that the editor was opened in the wrong working directory, for example if you use sbt then the workspace directory should contain build.sbt. [0m
2022.10.28 11:28:21 WARN  no build target for: /home/nabee/functional_programming/1course/1week/hw0/example/src/main/scala/example/Lists.scala[0m
2022.10.28 11:28:23 INFO  no build target found for /home/nabee/functional_programming/1course/1week/hw0/example/src/main/scala/example/Lists.scala. Using presentation compiler with project's scala-library version: 3.2.0[0m
2022.10.28 11:28:24 INFO  time: code lens generation in 2.71s[0m
2022.10.28 11:28:30 WARN  no build target for: /home/nabee/functional_programming/1course/1week/hw0/example/src/main/scala/example/main.scala[0m
2022.10.28 11:28:38 WARN  no build target for: /home/nabee/functional_programming/1course/1week/hw0/example/src/main/scala/example/Lists.scala[0m
2022.10.28 11:37:50 WARN  no build target for: /home/nabee/functional_programming/1course/1week/hw1/recfun/src/main/scala/recfun/RecFun.scala[0m
2022.10.28 11:37:51 WARN  no build target for: /home/nabee/functional_programming/1course/1week/hw1/recfun/src/main/scala/recfun/RecFunInterface.scala[0m
2022.10.28 11:37:53 WARN  no build target for: /home/nabee/functional_programming/1course/1week/hw1/recfun/src/main/scala/recfun/RecFun.scala[0m
2022.10.28 13:32:09 INFO  no build target found for /home/nabee/functional_programming/1course/1week/scala-project/src/main/scala/example/example.worksheet.sc. Using presentation compiler with project's scala-library version: 3.2.0[0m
2022.10.28 13:32:09 INFO  time: evaluated worksheet 'example.worksheet.sc' in 3.38s[0m
2022.10.28 13:32:18 WARN  no build target for: /home/nabee/functional_programming/1course/1week/hw1/recfun/src/main/scala/recfun/RecFunInterface.scala[0m
2022.10.28 13:32:46 WARN  no build target for: /home/nabee/functional_programming/1course/1week/hw1/recfun/src/main/scala/recfun/RecFun.scala[0m
2022.10.28 13:33:13 INFO  time: evaluated worksheet 'example.worksheet.sc' in 0.43s[0m
[31merror[39m: 1week/scala-project/src/main/scala/example/example.worksheet.sc:7:24: 
Not found: type INt
def factorial(n: Int): INt
                       ^^^
[31merror[39m: 1week/scala-project/src/main/scala/example/example.worksheet.sc:7:5: 
Declaration of method factorial not allowed here: only classes can have declared but undefined members
def factorial(n: Int): INt
    ^
2022.10.28 13:33:57 INFO  time: evaluated worksheet 'example.worksheet.sc' in 0.17s[0m
[31merror[39m: 1week/scala-project/src/main/scala/example/example.worksheet.sc:8:6: 
Not found: type tailrec
    @tailrec
     ^^^^^^^
[31merror[39m: 1week/scala-project/src/main/scala/example/example.worksheet.sc:10:26: 
Found:    Unit
Required: Int
        if (x == 0) then return
                         ^^^^^^
2022.10.28 13:34:50 INFO  time: evaluated worksheet 'example.worksheet.sc' in 0.17s[0m
[31merror[39m: 1week/scala-project/src/main/scala/example/example.worksheet.sc:8:6: 
Not found: type tailrec
    @tailrec
     ^^^^^^^
2022.10.28 13:38:29 INFO  time: evaluated worksheet 'example.worksheet.sc' in 85ms[0m
[31merror[39m: 1week/scala-project/src/main/scala/example/example.worksheet.sc:8:6: 
Not found: type tailrec
    @tailrec
     ^^^^^^^
2022.10.28 13:38:33 INFO  time: evaluated worksheet 'example.worksheet.sc' in 0.11s[0m
Oct 28, 2022 1:38:33 PM org.eclipse.lsp4j.jsonrpc.RemoteEndpoint handleCancellation
WARNING: Unmatched cancel notification for request id 559
[31merror[39m: 1week/scala-project/src/main/scala/example/example.worksheet.sc:8:6: 
Not found: type tailrec
    @tailrec
     ^^^^^^^
2022.10.28 13:38:33 INFO  time: evaluated worksheet 'example.worksheet.sc' in 0.14s[0m
2022.10.28 13:38:57 INFO  time: evaluated worksheet 'example.worksheet.sc' in 0.28s[0m
2022.10.28 14:17:53 WARN  no build target for: /home/nabee/functional_programming/1course/1week/hw1/recfun/src/main/scala/recfun/RecFun.scala[0m
2022.10.28 14:18:09 WARN  no build target for: /home/nabee/functional_programming/1course/1week/hw1/recfun/src/main/scala/recfun/RecFun.scala[0m
2022.10.28 14:18:13 WARN  no build target for: /home/nabee/functional_programming/1course/1week/hw1/recfun/src/main/scala/recfun/RecFun.scala[0m
2022.10.28 14:18:49 WARN  no build target for: /home/nabee/functional_programming/1course/1week/hw1/recfun/src/main/scala/recfun/RecFun.scala[0m
2022.10.28 14:18:58 WARN  no build target for: /home/nabee/functional_programming/1course/1week/hw1/recfun/src/main/scala/recfun/RecFun.scala[0m
2022.10.28 14:19:25 WARN  no build target for: /home/nabee/functional_programming/1course/1week/hw1/recfun/src/main/scala/recfun/RecFun.scala[0m
2022.10.28 14:19:44 WARN  no build target for: /home/nabee/functional_programming/1course/1week/hw1/recfun/src/main/scala/recfun/RecFun.scala[0m
2022.10.28 14:19:54 WARN  no build target for: /home/nabee/functional_programming/1course/1week/hw1/recfun/src/main/scala/recfun/RecFun.scala[0m
2022.10.28 14:20:00 WARN  no build target for: /home/nabee/functional_programming/1course/1week/hw1/recfun/src/main/scala/recfun/RecFun.scala[0m
2022.10.28 14:20:17 WARN  no build target for: /home/nabee/functional_programming/1course/1week/hw1/recfun/src/main/scala/recfun/RecFun.scala[0m
2022.10.28 14:20:19 WARN  no build target for: /home/nabee/functional_programming/1course/1week/hw1/recfun/src/main/scala/recfun/RecFun.scala[0m
2022.10.28 14:20:28 WARN  no build target for: /home/nabee/functional_programming/1course/1week/hw1/recfun/src/main/scala/recfun/RecFun.scala[0m
2022.10.28 14:20:28 WARN  no build target for: /home/nabee/functional_programming/1course/1week/hw1/recfun/src/main/scala/recfun/RecFun.scala[0m
2022.10.28 14:20:28 WARN  no build target for: /home/nabee/functional_programming/1course/1week/hw1/recfun/src/main/scala/recfun/RecFun.scala[0m
2022.10.28 14:30:50 WARN  no build target for: /home/nabee/functional_programming/1course/1week/hw1/recfun/src/main/scala/recfun/RecFunInterface.scala[0m
2022.10.28 16:13:04 INFO  no build target found for /home/nabee/functional_programming/1course/products.worksheet.sc. Using presentation compiler with project's scala-library version: 3.2.0[0m
2022.10.28 16:13:04 INFO  time: evaluated worksheet 'products.worksheet.sc' in 1.17s[0m
2022.10.28 16:13:04 INFO  time: evaluated worksheet 'products.worksheet.sc' in 0.14s[0m
Oct 28, 2022 4:13:34 PM org.eclipse.lsp4j.jsonrpc.RemoteEndpoint handleCancellation
WARNING: Unmatched cancel notification for request id 1180
2022.10.28 16:13:52 INFO  time: evaluated worksheet 'products.worksheet.sc' in 0.18s[0m
[31merror[39m: products.worksheet.sc:4:1: 
Not found: product
product(x => x * x)(1, 5)
^^^^^^^
2022.10.28 16:14:36 INFO  time: evaluated worksheet 'products.worksheet.sc' in 74ms[0m
2022.10.28 16:14:41 INFO  time: evaluated worksheet 'products.worksheet.sc' in 0.24s[0m
[31merror[39m: products.worksheet.sc:6:5: Procedure syntax is not supported. Convert procedure `fact` to method by adding `: Unit =`.
def fact()
    ^^^^
2022.10.28 16:15:16 INFO  time: evaluated worksheet 'products.worksheet.sc' in 0.14s[0m
[31merror[39m: products.worksheet.sc:7:10: 
Found:    (Int, Int)
Required: Int => Int
    prod(2, n)
         ^^^^
2022.10.28 16:16:20 INFO  time: evaluated worksheet 'products.worksheet.sc' in 0.12s[0m
2022.10.28 16:16:55 INFO  time: evaluated worksheet 'products.worksheet.sc' in 0.18s[0m
2022.10.28 16:17:57 INFO  time: evaluated worksheet 'products.worksheet.sc' in 0.22s[0m
2022.10.28 16:23:50 INFO  time: evaluated worksheet 'products.worksheet.sc' in 0.22s[0m
Oct 28, 2022 4:25:09 PM org.eclipse.lsp4j.jsonrpc.RemoteEndpoint handleCancellation
WARNING: Unmatched cancel notification for request id 2143
2022.10.28 16:26:34 INFO  time: evaluated worksheet 'products.worksheet.sc' in 0.23s[0m
2022.10.28 16:26:49 INFO  time: evaluated worksheet 'products.worksheet.sc' in 0.25s[0m
Oct 28, 2022 4:27:51 PM org.eclipse.lsp4j.jsonrpc.RemoteEndpoint handleCancellation
WARNING: Unmatched cancel notification for request id 2529
2022.10.28 16:28:17 INFO  time: evaluated worksheet 'products.worksheet.sc' in 0.27s[0m
Oct 28, 2022 4:28:23 PM org.eclipse.lsp4j.jsonrpc.RemoteEndpoint handleCancellation
WARNING: Unmatched cancel notification for request id 2701
2022.10.28 16:28:30 INFO  time: evaluated worksheet 'products.worksheet.sc' in 0.25s[0m
2022.10.28 16:28:56 INFO  time: evaluated worksheet 'products.worksheet.sc' in 0.26s[0m
Oct 29, 2022 10:29:57 AM org.eclipse.lsp4j.jsonrpc.RemoteEndpoint handleNotification
WARNING: Notification threw an exception: {
  "jsonrpc": "2.0",
  "method": "workspace/didChangeWatchedFiles",
  "params": {
    "changes": [
      {
        "uri": "file:///home/nabee/functional_programming/1course/products.worksheet.sc",
        "type": 3
      }
    ]
  }
}
java.lang.RuntimeException: java.lang.reflect.InvocationTargetException
	at org.eclipse.lsp4j.jsonrpc.services.GenericEndpoint.lambda$null$0(GenericEndpoint.java:67)
	at org.eclipse.lsp4j.jsonrpc.services.GenericEndpoint.notify(GenericEndpoint.java:152)
	at org.eclipse.lsp4j.jsonrpc.RemoteEndpoint.handleNotification(RemoteEndpoint.java:220)
	at org.eclipse.lsp4j.jsonrpc.RemoteEndpoint.consume(RemoteEndpoint.java:187)
	at org.eclipse.lsp4j.jsonrpc.json.StreamMessageProducer.handleMessage(StreamMessageProducer.java:194)
	at org.eclipse.lsp4j.jsonrpc.json.StreamMessageProducer.listen(StreamMessageProducer.java:94)
	at org.eclipse.lsp4j.jsonrpc.json.ConcurrentMessageProcessor.run(ConcurrentMessageProcessor.java:113)
	at java.base/java.util.concurrent.Executors$RunnableAdapter.call(Executors.java:515)
	at java.base/java.util.concurrent.FutureTask.run(FutureTask.java:264)
	at java.base/java.util.concurrent.ThreadPoolExecutor.runWorker(ThreadPoolExecutor.java:1128)
	at java.base/java.util.concurrent.ThreadPoolExecutor$Worker.run(ThreadPoolExecutor.java:628)
	at java.base/java.lang.Thread.run(Thread.java:834)
Caused by: java.lang.reflect.InvocationTargetException
	at java.base/jdk.internal.reflect.NativeMethodAccessorImpl.invoke0(Native Method)
	at java.base/jdk.internal.reflect.NativeMethodAccessorImpl.invoke(NativeMethodAccessorImpl.java:62)
	at java.base/jdk.internal.reflect.DelegatingMethodAccessorImpl.invoke(DelegatingMethodAccessorImpl.java:43)
	at java.base/java.lang.reflect.Method.invoke(Method.java:566)
	at org.eclipse.lsp4j.jsonrpc.services.GenericEndpoint.lambda$null$0(GenericEndpoint.java:65)
	... 11 more
Caused by: java.nio.file.NoSuchFileException: /home/nabee/functional_programming/1course/products.worksheet.sc
	at java.base/sun.nio.fs.UnixException.translateToIOException(UnixException.java:92)
	at java.base/sun.nio.fs.UnixException.rethrowAsIOException(UnixException.java:111)
	at java.base/sun.nio.fs.UnixException.rethrowAsIOException(UnixException.java:116)
	at java.base/sun.nio.fs.UnixFileSystemProvider.newByteChannel(UnixFileSystemProvider.java:215)
	at java.base/java.nio.file.Files.newByteChannel(Files.java:370)
	at java.base/java.nio.file.Files.newByteChannel(Files.java:421)
	at java.base/java.nio.file.Files.readAllBytes(Files.java:3205)
	at scala.meta.internal.io.PlatformFileIO$.slurp(PlatformFileIO.scala:45)
	at scala.meta.internal.io.FileIO$.slurp(FileIO.scala:24)
	at scala.meta.internal.metals.MetalsLanguageServer.$anonfun$onChange$1(MetalsLanguageServer.scala:1459)
	at scala.meta.internal.metals.MetalsLanguageServer.$anonfun$onChange$1$adapted(MetalsLanguageServer.scala:1458)
	at scala.collection.immutable.List.foreach(List.scala:333)
	at scala.meta.internal.metals.MetalsLanguageServer.onChange(MetalsLanguageServer.scala:1458)
	at scala.meta.internal.metals.MetalsLanguageServer.didChangeWatchedFiles(MetalsLanguageServer.scala:1401)
	... 16 more

2022.10.29 10:29:58 INFO  no build target found for /home/nabee/functional_programming/1course/2week/products.worksheet.sc. Using presentation compiler with project's scala-library version: 3.2.0[0m
2022.10.29 10:29:58 INFO  time: evaluated worksheet 'products.worksheet.sc' in 1.25s[0m
2022.10.29 10:30:21 INFO  no build target found for /home/nabee/functional_programming/1course/2week/fixpoints.worksheet.sc. Using presentation compiler with project's scala-library version: 3.2.0[0m
2022.10.29 10:30:21 INFO  time: evaluated worksheet 'fixpoints.worksheet.sc' in 1.06s[0m
Oct 29, 2022 10:32:57 AM org.eclipse.lsp4j.jsonrpc.RemoteEndpoint handleCancellation
WARNING: Unmatched cancel notification for request id 2925
Oct 29, 2022 10:34:11 AM org.eclipse.lsp4j.jsonrpc.RemoteEndpoint handleCancellation
WARNING: Unmatched cancel notification for request id 3278
Oct 29, 2022 10:35:07 AM org.eclipse.lsp4j.jsonrpc.RemoteEndpoint handleCancellation
WARNING: Unmatched cancel notification for request id 3423
Oct 29, 2022 10:35:29 AM org.eclipse.lsp4j.jsonrpc.RemoteEndpoint handleCancellation
WARNING: Unmatched cancel notification for request id 3552
2022.10.29 10:36:17 INFO  time: evaluated worksheet 'fixpoints.worksheet.sc' in 26s[0m
2022.10.29 10:36:17 WARN  thread interrupt: Evaluating Worksheet fixpoints.worksheet.sc[0m
Oct 29, 2022 10:36:26 AM org.eclipse.lsp4j.jsonrpc.RemoteEndpoint handleCancellation
WARNING: Unmatched cancel notification for request id 3679
Oct 29, 2022 10:36:27 AM org.eclipse.lsp4j.jsonrpc.RemoteEndpoint handleCancellation
WARNING: Unmatched cancel notification for request id 3685
Oct 29, 2022 10:36:33 AM org.eclipse.lsp4j.jsonrpc.RemoteEndpoint handleCancellation
WARNING: Unmatched cancel notification for request id 3703
2022.10.29 10:36:35 WARN  thread interrupt: Evaluating Worksheet fixpoints.worksheet.sc[0m
2022.10.29 10:36:35 INFO  time: evaluated worksheet 'fixpoints.worksheet.sc' in 4.98s[0m
2022.10.29 10:36:46 WARN  no build target for: /home/nabee/functional_programming/1course/2week/fixedpoints.scala[0m
2022.10.29 10:37:07 WARN  no build target for: /home/nabee/functional_programming/1course/2week/fixedpoints.scala[0m
2022.10.29 10:37:11 WARN  no build target for: /home/nabee/functional_programming/1course/2week/fixedpoints.scala[0m
2022.10.29 10:38:18 WARN  no build target for: /home/nabee/functional_programming/1course/2week/fixedpoints.scala[0m
2022.10.29 10:39:16 ERROR worksheet: /home/nabee/functional_programming/1course/2week/fixpoints.worksheet.scjava.lang.OutOfMemoryError: Java heap space
[0m
2022.10.29 10:39:16 INFO  time: evaluated worksheet 'fixpoints.worksheet.sc' in 9.21s[0m
2022.10.29 10:40:26 WARN  no build target for: /home/nabee/functional_programming/1course/2week/fixedpoints.scala[0m
2022.10.29 10:40:40 ERROR worksheet: /home/nabee/functional_programming/1course/2week/fixpoints.worksheet.scjava.lang.OutOfMemoryError: Java heap space
[0m
2022.10.29 10:40:40 INFO  time: evaluated worksheet 'fixpoints.worksheet.sc' in 9.69s[0m
2022.10.29 10:40:47 WARN  no build target for: /home/nabee/functional_programming/1course/2week/fixedpoints.scala[0m
2022.10.29 10:43:25 WARN  no build target for: /home/nabee/functional_programming/1course/2week/fixedpoints.scala[0m
2022.10.29 10:43:32 WARN  no build target for: /home/nabee/functional_programming/1course/2week/fixedpoints.scala[0m
2022.10.29 10:43:48 WARN  no build target for: /home/nabee/functional_programming/1course/2week/fixedpoints.scala[0m
2022.10.29 10:44:45 WARN  no build target for: /home/nabee/functional_programming/1course/fixedpointslide.scala[0m
2022.10.29 10:44:52 WARN  no build target for: /home/nabee/functional_programming/1course/fixedpointslide.scala[0m
2022.10.29 10:44:52 WARN  no build target for: /home/nabee/functional_programming/1course/fixedpointslide.scala[0m
2022.10.29 10:45:11 WARN  no build target for: /home/nabee/functional_programming/1course/fixedpointme.scala[0m
Exception in thread "pool-3-thread-1" java.lang.InterruptedException
	at scala.meta.internal.metals.FutureCancelToken.checkCanceled(FutureCancelToken.scala:29)
	at scala.meta.internal.pc.CompilerAccess.onCompilerJobQueue$$anonfun$1(CompilerAccess.scala:195)
	at scala.meta.internal.pc.CompilerJobQueue$Job.run(CompilerJobQueue.scala:152)
	at java.base/java.util.concurrent.ThreadPoolExecutor.runWorker(ThreadPoolExecutor.java:1128)
	at java.base/java.util.concurrent.ThreadPoolExecutor$Worker.run(ThreadPoolExecutor.java:628)
	at java.base/java.lang.Thread.run(Thread.java:834)
2022.10.29 10:45:12 WARN  no build target for: /home/nabee/functional_programming/1course/fixedpointme.scala[0m
2022.10.29 14:12:55 WARN  no build target for: /home/nabee/functional_programming/1course/2week/fixedpoints.scala[0m
2022.10.29 14:24:46 WARN  no build target for: /home/nabee/functional_programming/1course/2week/fixedpoints.scala[0m
2022.10.30 17:54:18 INFO  no build target found for /home/nabee/functional_programming/1course/2week/Rationals.worksheet.sc. Using presentation compiler with project's scala-library version: 3.2.0[0m
2022.10.30 17:54:18 INFO  time: evaluated worksheet 'Rationals.worksheet.sc' in 0.99s[0m
Oct 31, 2022 9:21:09 AM org.eclipse.lsp4j.jsonrpc.RemoteEndpoint handleCancellation
WARNING: Unmatched cancel notification for request id 4594
Oct 31, 2022 9:21:20 AM org.eclipse.lsp4j.jsonrpc.RemoteEndpoint handleCancellation
WARNING: Unmatched cancel notification for request id 4645
2022.10.31 09:30:11 INFO  time: evaluated worksheet 'Rationals.worksheet.sc' in 0.23s[0m
2022.10.31 09:33:26 INFO  time: evaluated worksheet 'Rationals.worksheet.sc' in 0.21s[0m
2022.10.31 09:34:36 INFO  time: evaluated worksheet 'Rationals.worksheet.sc' in 0.19s[0m
2022.10.31 10:38:33 INFO  time: evaluated worksheet 'Rationals.worksheet.sc' in 0.2s[0m
2022.10.31 10:39:16 INFO  time: evaluated worksheet 'Rationals.worksheet.sc' in 0.19s[0m
2022.10.31 10:39:22 INFO  time: evaluated worksheet 'Rationals.worksheet.sc' in 0.19s[0m
2022.10.31 10:39:35 INFO  time: evaluated worksheet 'Rationals.worksheet.sc' in 0.2s[0m
2022.10.31 10:39:36 INFO  time: evaluated worksheet 'Rationals.worksheet.sc' in 0.2s[0m
Oct 31, 2022 10:50:46 AM org.eclipse.lsp4j.jsonrpc.RemoteEndpoint handleCancellation
WARNING: Unmatched cancel notification for request id 5368
2022.10.31 10:52:02 INFO  time: evaluated worksheet 'Rationals.worksheet.sc' in 0.2s[0m
2022.10.31 10:52:57 INFO  time: evaluated worksheet 'Rationals.worksheet.sc' in 0.17s[0m
2022.10.31 10:54:00 INFO  time: evaluated worksheet 'Rationals.worksheet.sc' in 0.21s[0m
2022.10.31 10:54:08 INFO  time: evaluated worksheet 'Rationals.worksheet.sc' in 0.17s[0m
2022.10.31 11:27:24 WARN  no build target for: /home/nabee/functional_programming/1course/2week/hw2/funsets/funsets/src/main/scala/funsets/FunSets.scala[0m
2022.10.31 11:27:27 WARN  no build target for: /home/nabee/functional_programming/1course/2week/hw2/funsets/funsets/src/main/scala/funsets/FunSetsInterface.scala[0m
2022.10.31 11:27:29 WARN  no build target for: /home/nabee/functional_programming/1course/2week/hw2/funsets/funsets/src/main/scala/funsets/Main.scala[0m
2022.10.31 11:27:30 WARN  no build target for: /home/nabee/functional_programming/1course/2week/hw2/funsets/funsets/src/main/scala/funsets/FunSetsInterface.scala[0m
2022.10.31 11:27:30 WARN  no build target for: /home/nabee/functional_programming/1course/2week/hw2/funsets/funsets/src/main/scala/funsets/FunSets.scala[0m
2022.10.31 11:27:39 WARN  no build target for: /home/nabee/functional_programming/1course/2week/hw2/funsets/funsets/src/main/scala/funsets/FunSetsInterface.scala[0m
2022.10.31 11:27:39 WARN  no build target for: /home/nabee/functional_programming/1course/2week/hw2/funsets/funsets/src/main/scala/funsets/Main.scala[0m
2022.10.31 11:27:40 WARN  no build target for: /home/nabee/functional_programming/1course/2week/hw2/funsets/funsets/src/main/scala/funsets/FunSets.scala[0m
2022.10.31 11:27:40 WARN  no build target for: /home/nabee/functional_programming/1course/2week/hw2/funsets/funsets/src/main/scala/funsets/Main.scala[0m
2022.10.31 11:28:41 WARN  no build target for: /home/nabee/functional_programming/1course/2week/hw2/funsets/funsets/src/main/scala/funsets/FunSetsInterface.scala[0m
2022.10.31 11:28:43 WARN  no build target for: /home/nabee/functional_programming/1course/2week/hw2/funsets/funsets/src/main/scala/funsets/FunSets.scala[0m
2022.10.31 11:46:37 WARN  no build target for: /home/nabee/functional_programming/1course/2week/hw2/funsets/funsets/src/main/scala/funsets/FunSets.scala[0m
2022.10.31 11:47:09 WARN  no build target for: /home/nabee/functional_programming/1course/2week/hw2/funsets/funsets/src/main/scala/funsets/FunSets.scala[0m
2022.10.31 11:52:52 WARN  no build target for: /home/nabee/functional_programming/1course/2week/hw2/funsets/funsets/src/main/scala/funsets/FunSets.scala[0m
2022.10.31 11:53:39 WARN  no build target for: /home/nabee/functional_programming/1course/2week/hw2/funsets/funsets/src/main/scala/funsets/FunSets.scala[0m
2022.10.31 11:54:21 WARN  no build target for: /home/nabee/functional_programming/1course/2week/hw2/funsets/funsets/src/main/scala/funsets/FunSets.scala[0m
2022.10.31 11:54:21 WARN  no build target for: /home/nabee/functional_programming/1course/2week/hw2/funsets/funsets/src/main/scala/funsets/FunSets.scala[0m
2022.10.31 11:55:55 WARN  no build target for: /home/nabee/functional_programming/1course/2week/hw2/funsets/funsets/src/main/scala/funsets/FunSets.scala[0m
2022.10.31 11:59:50 WARN  no build target for: /home/nabee/functional_programming/1course/2week/hw2/funsets/funsets/src/main/scala/funsets/FunSets.scala[0m
2022.10.31 12:20:33 WARN  no build target for: /home/nabee/functional_programming/1course/2week/hw2/funsets/funsets/src/main/scala/funsets/FunSets.scala[0m
2022.10.31 12:42:12 WARN  no build target for: /home/nabee/functional_programming/1course/2week/hw2/funsets/funsets/src/main/scala/funsets/FunSets.scala[0m
2022.10.31 12:42:59 WARN  no build target for: /home/nabee/functional_programming/1course/2week/hw2/funsets/funsets/src/main/scala/funsets/FunSets.scala[0m
2022.10.31 12:44:09 WARN  no build target for: /home/nabee/functional_programming/1course/2week/hw2/funsets/funsets/src/main/scala/funsets/FunSets.scala[0m
2022.10.31 12:44:09 WARN  no build target for: /home/nabee/functional_programming/1course/2week/hw2/funsets/funsets/src/main/scala/funsets/FunSets.scala[0m
Oct 31, 2022 12:47:54 PM org.eclipse.lsp4j.jsonrpc.services.GenericEndpoint notify
INFO: Unsupported notification method: $/setTrace
2022.10.31 12:48:11 INFO  time: evaluated worksheet 'Rationals.worksheet.sc' in 0.24s[0m
Oct 31, 2022 12:48:43 PM org.eclipse.lsp4j.jsonrpc.services.GenericEndpoint notify
INFO: Unsupported notification method: $/setTrace
Oct 31, 2022 12:49:24 PM org.eclipse.lsp4j.jsonrpc.services.GenericEndpoint notify
INFO: Unsupported notification method: $/setTrace
2022.10.31 12:49:31 WARN  no build target for: /home/nabee/functional_programming/1course/2week/hw2/funsets/funsets/src/main/scala/funsets/FunSets.scala[0m
2022.10.31 12:49:31 WARN  no build target for: /home/nabee/functional_programming/1course/2week/hw2/funsets/funsets/src/main/scala/funsets/FunSets.scala[0m
2022.10.31 12:49:32 WARN  no build target for: /home/nabee/functional_programming/1course/2week/hw2/funsets/funsets/src/main/scala/funsets/FunSets.scala[0m
Oct 31, 2022 12:53:26 PM org.eclipse.lsp4j.jsonrpc.services.GenericEndpoint notify
INFO: Unsupported notification method: $/setTrace
Oct 31, 2022 12:53:44 PM org.eclipse.lsp4j.jsonrpc.services.GenericEndpoint notify
INFO: Unsupported notification method: $/setTrace
Oct 31, 2022 12:54:36 PM org.eclipse.lsp4j.jsonrpc.services.GenericEndpoint notify
INFO: Unsupported notification method: $/setTrace
Oct 31, 2022 12:54:36 PM org.eclipse.lsp4j.jsonrpc.services.GenericEndpoint notify
INFO: Unsupported notification method: $/setTrace
Oct 31, 2022 12:56:49 PM org.eclipse.lsp4j.jsonrpc.services.GenericEndpoint notify
INFO: Unsupported notification method: $/setTrace
Oct 31, 2022 12:56:56 PM org.eclipse.lsp4j.jsonrpc.services.GenericEndpoint notify
INFO: Unsupported notification method: $/setTrace
2022.10.31 13:01:42 WARN  no build target for: /home/nabee/functional_programming/1course/2week/hw2/funsets/funsets/src/test/scala/funsets/FunSetSuite.scala[0m
2022.10.31 13:03:08 WARN  no build target for: /home/nabee/functional_programming/1course/2week/hw2/funsets/funsets/src/main/scala/funsets/FunSetsInterface.scala[0m
2022.10.31 13:03:12 WARN  no build target for: /home/nabee/functional_programming/1course/2week/hw2/funsets/funsets/src/test/scala/funsets/FunSetSuite.scala[0m
2022.10.31 13:04:05 WARN  no build target for: /home/nabee/functional_programming/1course/2week/hw2/funsets/funsets/src/test/scala/funsets/FunSetSuite.scala[0m
2022.10.31 13:04:05 WARN  no build target for: /home/nabee/functional_programming/1course/2week/hw2/funsets/funsets/src/test/scala/funsets/FunSetSuite.scala[0m
2022.10.31 13:04:11 WARN  no build target for: /home/nabee/functional_programming/1course/2week/hw2/funsets/funsets/src/test/scala/funsets/FunSetSuite.scala[0m
2022.10.31 13:04:15 WARN  no build target for: /home/nabee/functional_programming/1course/2week/hw2/funsets/funsets/src/test/scala/funsets/FunSetSuite.scala[0m
error while checking  extends TestSets {
  val null = null
}
error while checking new TestSets {
  val null = null
}
error while checking {
  new TestSets {
    val null = null
  }
}
error while checking test("Check squaring map")(
  {
    new TestSets {
      val null = null
    }
  }
)
error while checking  extends munit.FunSuite {
  import FunSets.*
  test("contains is implemented")(
    {
      assert(contains(x => true, 100))
    }
  )
  trait TestSets {
    val s1 = singletonSet(1)
    val s2 = singletonSet(2)
    val s3 = singletonSet(3)
  }
  test("singleton set one contains one")(
    {
      new TestSets {
        assert(contains(s1, 1), "Singleton")
      }
    }
  )
  test("union contains all elements of each set")(
    {
      new TestSets {
        val s = union(s1, s2)
        assert(contains(s, 1), "Union 1")
        assert(contains(s, 2), "Union 2")
        assert(! contains(s, 3), "Union 3")
      }
    }
  )
  test("Check squaring map")(
    {
      new TestSets {
        val null = null
      }
    }
  )
  import scala.concurrent.duration.*
  override val munitTimeout = 10.seconds
}
error while checking class FunSetSuite extends munit.FunSuite {
  import FunSets.*
  test("contains is implemented")(
    {
      assert(contains(x => true, 100))
    }
  )
  trait TestSets {
    val s1 = singletonSet(1)
    val s2 = singletonSet(2)
    val s3 = singletonSet(3)
  }
  test("singleton set one contains one")(
    {
      new TestSets {
        assert(contains(s1, 1), "Singleton")
      }
    }
  )
  test("union contains all elements of each set")(
    {
      new TestSets {
        val s = union(s1, s2)
        assert(contains(s, 1), "Union 1")
        assert(contains(s, 2), "Union 2")
        assert(! contains(s, 3), "Union 3")
      }
    }
  )
  test("Check squaring map")(
    {
      new TestSets {
        val null = null
      }
    }
  )
  import scala.concurrent.duration.*
  override val munitTimeout = 10.seconds
}
error while checking package funsets {
  class FunSetSuite extends munit.FunSuite {
    import FunSets.*
    test("contains is implemented")(
      {
        assert(contains(x => true, 100))
      }
    )
    trait TestSets {
      val s1 = singletonSet(1)
      val s2 = singletonSet(2)
      val s3 = singletonSet(3)
    }
    test("singleton set one contains one")(
      {
        new TestSets {
          assert(contains(s1, 1), "Singleton")
        }
      }
    )
    test("union contains all elements of each set")(
      {
        new TestSets {
          val s = union(s1, s2)
          assert(contains(s, 1), "Union 1")
          assert(contains(s, 2), "Union 2")
          assert(! contains(s, 3), "Union 3")
        }
      }
    )
    test("Check squaring map")(
      {
        new TestSets {
          val null = null
        }
      }
    )
    import scala.concurrent.duration.*
    override val munitTimeout = 10.seconds
  }
}
Oct 31, 2022 1:26:11 PM scala.meta.internal.pc.CompilerAccess handleError
SEVERE: assertion failed: position error, parent span does not contain child span
parent      =  extends TestSets {
  val null = null
} # -1,
parent span = <2053..2076>,
child       = val null = null # -1,
child span  = [2073..2079..2079]
java.lang.AssertionError: assertion failed: position error, parent span does not contain child span
parent      =  extends TestSets {
  val null = null
} # -1,
parent span = <2053..2076>,
child       = val null = null # -1,
child span  = [2073..2079..2079]
	at scala.runtime.Scala3RunTime$.assertFailed(Scala3RunTime.scala:8)
	at dotty.tools.dotc.ast.Positioned.check$1(Positioned.scala:172)
	at dotty.tools.dotc.ast.Positioned.check$1$$anonfun$3(Positioned.scala:202)
	at scala.runtime.function.JProcedure1.apply(JProcedure1.java:15)
	at scala.runtime.function.JProcedure1.apply(JProcedure1.java:10)
	at scala.collection.immutable.List.foreach(List.scala:333)
	at dotty.tools.dotc.ast.Positioned.check$1(Positioned.scala:202)
	at dotty.tools.dotc.ast.Positioned.checkPos(Positioned.scala:223)
	at dotty.tools.dotc.ast.Positioned.check$1(Positioned.scala:197)
	at dotty.tools.dotc.ast.Positioned.checkPos(Positioned.scala:223)
	at dotty.tools.dotc.ast.Positioned.check$1(Positioned.scala:197)
	at dotty.tools.dotc.ast.Positioned.checkPos(Positioned.scala:223)
	at dotty.tools.dotc.ast.Positioned.check$1(Positioned.scala:197)
	at dotty.tools.dotc.ast.Positioned.check$1$$anonfun$3(Positioned.scala:202)
	at scala.runtime.function.JProcedure1.apply(JProcedure1.java:15)
	at scala.runtime.function.JProcedure1.apply(JProcedure1.java:10)
	at scala.collection.immutable.List.foreach(List.scala:333)
	at dotty.tools.dotc.ast.Positioned.check$1(Positioned.scala:202)
	at dotty.tools.dotc.ast.Positioned.checkPos(Positioned.scala:223)
	at dotty.tools.dotc.ast.Positioned.check$1(Positioned.scala:197)
	at dotty.tools.dotc.ast.Positioned.check$1$$anonfun$3(Positioned.scala:202)
	at scala.runtime.function.JProcedure1.apply(JProcedure1.java:15)
	at scala.runtime.function.JProcedure1.apply(JProcedure1.java:10)
	at scala.collection.immutable.List.foreach(List.scala:333)
	at dotty.tools.dotc.ast.Positioned.check$1(Positioned.scala:202)
	at dotty.tools.dotc.ast.Positioned.checkPos(Positioned.scala:223)
	at dotty.tools.dotc.ast.Positioned.check$1(Positioned.scala:197)
	at dotty.tools.dotc.ast.Positioned.checkPos(Positioned.scala:223)
	at dotty.tools.dotc.ast.Positioned.check$1(Positioned.scala:197)
	at dotty.tools.dotc.ast.Positioned.check$1$$anonfun$3(Positioned.scala:202)
	at scala.runtime.function.JProcedure1.apply(JProcedure1.java:15)
	at scala.runtime.function.JProcedure1.apply(JProcedure1.java:10)
	at scala.collection.immutable.List.foreach(List.scala:333)
	at dotty.tools.dotc.ast.Positioned.check$1(Positioned.scala:202)
	at dotty.tools.dotc.ast.Positioned.checkPos(Positioned.scala:223)
	at dotty.tools.dotc.parsing.Parser.parse$$anonfun$1(ParserPhase.scala:38)
	at dotty.tools.dotc.parsing.Parser.parse$$anonfun$adapted$1(ParserPhase.scala:39)
	at scala.Function0.apply$mcV$sp(Function0.scala:42)
	at dotty.tools.dotc.core.Phases$Phase.monitor(Phases.scala:417)
	at dotty.tools.dotc.parsing.Parser.parse(ParserPhase.scala:39)
	at dotty.tools.dotc.parsing.Parser.runOn$$anonfun$1(ParserPhase.scala:48)
	at scala.runtime.function.JProcedure1.apply(JProcedure1.java:15)
	at scala.runtime.function.JProcedure1.apply(JProcedure1.java:10)
	at scala.collection.immutable.List.foreach(List.scala:333)
	at dotty.tools.dotc.parsing.Parser.runOn(ParserPhase.scala:48)
	at dotty.tools.dotc.Run.runPhases$1$$anonfun$1(Run.scala:234)
	at scala.runtime.function.JProcedure1.apply(JProcedure1.java:15)
	at scala.runtime.function.JProcedure1.apply(JProcedure1.java:10)
	at scala.collection.ArrayOps$.foreach$extension(ArrayOps.scala:1321)
	at dotty.tools.dotc.Run.runPhases$1(Run.scala:245)
	at dotty.tools.dotc.Run.compileUnits$$anonfun$1(Run.scala:253)
	at dotty.tools.dotc.Run.compileUnits$$anonfun$adapted$1(Run.scala:262)
	at dotty.tools.dotc.util.Stats$.maybeMonitored(Stats.scala:68)
	at dotty.tools.dotc.Run.compileUnits(Run.scala:262)
	at dotty.tools.dotc.Run.compileSources(Run.scala:186)
	at dotty.tools.dotc.interactive.InteractiveDriver.run(InteractiveDriver.scala:165)
	at scala.meta.internal.pc.MetalsDriver.run(MetalsDriver.scala:48)
	at scala.meta.internal.pc.completions.CompletionProvider.completions(CompletionProvider.scala:47)

error while checking  extends TestSets {
  val s = null
}
error while checking new TestSets {
  val s = null
}
error while checking {
  new TestSets {
    val s = null
  }
}
error while checking test("Check squaring map")(
  {
    new TestSets {
      val s = null
    }
  }
)
error while checking  extends munit.FunSuite {
  import FunSets.*
  test("contains is implemented")(
    {
      assert(contains(x => true, 100))
    }
  )
  trait TestSets {
    val s1 = singletonSet(1)
    val s2 = singletonSet(2)
    val s3 = singletonSet(3)
  }
  test("singleton set one contains one")(
    {
      new TestSets {
        assert(contains(s1, 1), "Singleton")
      }
    }
  )
  test("union contains all elements of each set")(
    {
      new TestSets {
        val s = union(s1, s2)
        assert(contains(s, 1), "Union 1")
        assert(contains(s, 2), "Union 2")
        assert(! contains(s, 3), "Union 3")
      }
    }
  )
  test("Check squaring map")(
    {
      new TestSets {
        val s = null
      }
    }
  )
  import scala.concurrent.duration.*
  override val munitTimeout = 10.seconds
}
error while checking class FunSetSuite extends munit.FunSuite {
  import FunSets.*
  test("contains is implemented")(
    {
      assert(contains(x => true, 100))
    }
  )
  trait TestSets {
    val s1 = singletonSet(1)
    val s2 = singletonSet(2)
    val s3 = singletonSet(3)
  }
  test("singleton set one contains one")(
    {
      new TestSets {
        assert(contains(s1, 1), "Singleton")
      }
    }
  )
  test("union contains all elements of each set")(
    {
      new TestSets {
        val s = union(s1, s2)
        assert(contains(s, 1), "Union 1")
        assert(contains(s, 2), "Union 2")
        assert(! contains(s, 3), "Union 3")
      }
    }
  )
  test("Check squaring map")(
    {
      new TestSets {
        val s = null
      }
    }
  )
  import scala.concurrent.duration.*
  override val munitTimeout = 10.seconds
}
error while checking package funsets {
  class FunSetSuite extends munit.FunSuite {
    import FunSets.*
    test("contains is implemented")(
      {
        assert(contains(x => true, 100))
      }
    )
    trait TestSets {
      val s1 = singletonSet(1)
      val s2 = singletonSet(2)
      val s3 = singletonSet(3)
    }
    test("singleton set one contains one")(
      {
        new TestSets {
          assert(contains(s1, 1), "Singleton")
        }
      }
    )
    test("union contains all elements of each set")(
      {
        new TestSets {
          val s = union(s1, s2)
          assert(contains(s, 1), "Union 1")
          assert(contains(s, 2), "Union 2")
          assert(! contains(s, 3), "Union 3")
        }
      }
    )
    test("Check squaring map")(
      {
        new TestSets {
          val s = null
        }
      }
    )
    import scala.concurrent.duration.*
    override val munitTimeout = 10.seconds
  }
}
Oct 31, 2022 1:26:12 PM scala.meta.internal.pc.CompilerAccess handleError
SEVERE: assertion failed: position error, parent span does not contain child span
parent      =  extends TestSets {
  val s = null
} # -1,
parent span = <2053..2078>,
child       = val s = null # -1,
child span  = [2073..2077..2081]
java.lang.AssertionError: assertion failed: position error, parent span does not contain child span
parent      =  extends TestSets {
  val s = null
} # -1,
parent span = <2053..2078>,
child       = val s = null # -1,
child span  = [2073..2077..2081]
	at scala.runtime.Scala3RunTime$.assertFailed(Scala3RunTime.scala:8)
	at dotty.tools.dotc.ast.Positioned.check$1(Positioned.scala:172)
	at dotty.tools.dotc.ast.Positioned.check$1$$anonfun$3(Positioned.scala:202)
	at scala.runtime.function.JProcedure1.apply(JProcedure1.java:15)
	at scala.runtime.function.JProcedure1.apply(JProcedure1.java:10)
	at scala.collection.immutable.List.foreach(List.scala:333)
	at dotty.tools.dotc.ast.Positioned.check$1(Positioned.scala:202)
	at dotty.tools.dotc.ast.Positioned.checkPos(Positioned.scala:223)
	at dotty.tools.dotc.ast.Positioned.check$1(Positioned.scala:197)
	at dotty.tools.dotc.ast.Positioned.checkPos(Positioned.scala:223)
	at dotty.tools.dotc.ast.Positioned.check$1(Positioned.scala:197)
	at dotty.tools.dotc.ast.Positioned.checkPos(Positioned.scala:223)
	at dotty.tools.dotc.ast.Positioned.check$1(Positioned.scala:197)
	at dotty.tools.dotc.ast.Positioned.check$1$$anonfun$3(Positioned.scala:202)
	at scala.runtime.function.JProcedure1.apply(JProcedure1.java:15)
	at scala.runtime.function.JProcedure1.apply(JProcedure1.java:10)
	at scala.collection.immutable.List.foreach(List.scala:333)
	at dotty.tools.dotc.ast.Positioned.check$1(Positioned.scala:202)
	at dotty.tools.dotc.ast.Positioned.checkPos(Positioned.scala:223)
	at dotty.tools.dotc.ast.Positioned.check$1(Positioned.scala:197)
	at dotty.tools.dotc.ast.Positioned.check$1$$anonfun$3(Positioned.scala:202)
	at scala.runtime.function.JProcedure1.apply(JProcedure1.java:15)
	at scala.runtime.function.JProcedure1.apply(JProcedure1.java:10)
	at scala.collection.immutable.List.foreach(List.scala:333)
	at dotty.tools.dotc.ast.Positioned.check$1(Positioned.scala:202)
	at dotty.tools.dotc.ast.Positioned.checkPos(Positioned.scala:223)
	at dotty.tools.dotc.ast.Positioned.check$1(Positioned.scala:197)
	at dotty.tools.dotc.ast.Positioned.checkPos(Positioned.scala:223)
	at dotty.tools.dotc.ast.Positioned.check$1(Positioned.scala:197)
	at dotty.tools.dotc.ast.Positioned.check$1$$anonfun$3(Positioned.scala:202)
	at scala.runtime.function.JProcedure1.apply(JProcedure1.java:15)
	at scala.runtime.function.JProcedure1.apply(JProcedure1.java:10)
	at scala.collection.immutable.List.foreach(List.scala:333)
	at dotty.tools.dotc.ast.Positioned.check$1(Positioned.scala:202)
	at dotty.tools.dotc.ast.Positioned.checkPos(Positioned.scala:223)
	at dotty.tools.dotc.parsing.Parser.parse$$anonfun$1(ParserPhase.scala:38)
	at dotty.tools.dotc.parsing.Parser.parse$$anonfun$adapted$1(ParserPhase.scala:39)
	at scala.Function0.apply$mcV$sp(Function0.scala:42)
	at dotty.tools.dotc.core.Phases$Phase.monitor(Phases.scala:417)
	at dotty.tools.dotc.parsing.Parser.parse(ParserPhase.scala:39)
	at dotty.tools.dotc.parsing.Parser.runOn$$anonfun$1(ParserPhase.scala:48)
	at scala.runtime.function.JProcedure1.apply(JProcedure1.java:15)
	at scala.runtime.function.JProcedure1.apply(JProcedure1.java:10)
	at scala.collection.immutable.List.foreach(List.scala:333)
	at dotty.tools.dotc.parsing.Parser.runOn(ParserPhase.scala:48)
	at dotty.tools.dotc.Run.runPhases$1$$anonfun$1(Run.scala:234)
	at scala.runtime.function.JProcedure1.apply(JProcedure1.java:15)
	at scala.runtime.function.JProcedure1.apply(JProcedure1.java:10)
	at scala.collection.ArrayOps$.foreach$extension(ArrayOps.scala:1321)
	at dotty.tools.dotc.Run.runPhases$1(Run.scala:245)
	at dotty.tools.dotc.Run.compileUnits$$anonfun$1(Run.scala:253)
	at dotty.tools.dotc.Run.compileUnits$$anonfun$adapted$1(Run.scala:262)
	at dotty.tools.dotc.util.Stats$.maybeMonitored(Stats.scala:68)
	at dotty.tools.dotc.Run.compileUnits(Run.scala:262)
	at dotty.tools.dotc.Run.compileSources(Run.scala:186)
	at dotty.tools.dotc.interactive.InteractiveDriver.run(InteractiveDriver.scala:165)
	at scala.meta.internal.pc.MetalsDriver.run(MetalsDriver.scala:48)
	at scala.meta.internal.pc.completions.CompletionProvider.completions(CompletionProvider.scala:47)

2022.10.31 13:28:27 WARN  no build target for: /home/nabee/functional_programming/1course/2week/hw2/funsets/funsets/src/test/scala/funsets/FunSetSuite.scala[0m
2022.10.31 13:28:27 WARN  no build target for: /home/nabee/functional_programming/1course/2week/hw2/funsets/funsets/src/test/scala/funsets/FunSetSuite.scala[0m
2022.10.31 13:28:32 WARN  no build target for: /home/nabee/functional_programming/1course/2week/hw2/funsets/funsets/src/test/scala/funsets/FunSetSuite.scala[0m
2022.10.31 13:28:52 WARN  no build target for: /home/nabee/functional_programming/1course/2week/hw2/funsets/funsets/src/test/scala/funsets/FunSetSuite.scala[0m
2022.10.31 13:29:21 WARN  no build target for: /home/nabee/functional_programming/1course/2week/hw2/funsets/funsets/src/test/scala/funsets/FunSetSuite.scala[0m
2022.10.31 13:29:29 WARN  no build target for: /home/nabee/functional_programming/1course/2week/hw2/funsets/funsets/src/test/scala/funsets/FunSetSuite.scala[0m
